Determining if the pthread_create exist failed with the following output:
Change Dir: /home/bruce/sdc/build/CMakeFiles/CMakeTmp

Run Build Command:"/usr/bin/make" "cmTC_9fb6a/fast"
/usr/bin/make -f CMakeFiles/cmTC_9fb6a.dir/build.make CMakeFiles/cmTC_9fb6a.dir/build
make[1]: Entering directory '/home/bruce/sdc/build/CMakeFiles/CMakeTmp'
Building C object CMakeFiles/cmTC_9fb6a.dir/CheckSymbolExists.c.o
/usr/bin/cc     -o CMakeFiles/cmTC_9fb6a.dir/CheckSymbolExists.c.o   -c /home/bruce/sdc/build/CMakeFiles/CMakeTmp/CheckSymbolExists.c
Linking C executable cmTC_9fb6a
/usr/bin/cmake -E cmake_link_script CMakeFiles/cmTC_9fb6a.dir/link.txt --verbose=1
/usr/bin/cc       CMakeFiles/cmTC_9fb6a.dir/CheckSymbolExists.c.o  -o cmTC_9fb6a -rdynamic 
CMakeFiles/cmTC_9fb6a.dir/CheckSymbolExists.c.o: 於函式 main:
CheckSymbolExists.c:(.text+0x16): 未定義參考到「pthread_create」
collect2: error: ld returned 1 exit status
CMakeFiles/cmTC_9fb6a.dir/build.make:97: recipe for target 'cmTC_9fb6a' failed
make[1]: *** [cmTC_9fb6a] Error 1
make[1]: Leaving directory '/home/bruce/sdc/build/CMakeFiles/CMakeTmp'
Makefile:126: recipe for target 'cmTC_9fb6a/fast' failed
make: *** [cmTC_9fb6a/fast] Error 2

File /home/bruce/sdc/build/CMakeFiles/CMakeTmp/CheckSymbolExists.c:
/* */
#include <pthread.h>

int main(int argc, char** argv)
{
  (void)argv;
#ifndef pthread_create
  return ((int*)(&pthread_create))[argc];
#else
  (void)argc;
  return 0;
#endif
}

Determining if the function pthread_create exists in the pthreads failed with the following output:
Change Dir: /home/bruce/sdc/build/CMakeFiles/CMakeTmp

Run Build Command:"/usr/bin/make" "cmTC_21c16/fast"
/usr/bin/make -f CMakeFiles/cmTC_21c16.dir/build.make CMakeFiles/cmTC_21c16.dir/build
make[1]: Entering directory '/home/bruce/sdc/build/CMakeFiles/CMakeTmp'
Building C object CMakeFiles/cmTC_21c16.dir/CheckFunctionExists.c.o
/usr/bin/cc    -DCHECK_FUNCTION_EXISTS=pthread_create   -o CMakeFiles/cmTC_21c16.dir/CheckFunctionExists.c.o   -c /usr/share/cmake-3.5/Modules/CheckFunctionExists.c
Linking C executable cmTC_21c16
/usr/bin/cmake -E cmake_link_script CMakeFiles/cmTC_21c16.dir/link.txt --verbose=1
/usr/bin/cc   -DCHECK_FUNCTION_EXISTS=pthread_create    CMakeFiles/cmTC_21c16.dir/CheckFunctionExists.c.o  -o cmTC_21c16 -rdynamic -lpthreads 
/usr/bin/ld: 找不到 -lpthreads
collect2: error: ld returned 1 exit status
CMakeFiles/cmTC_21c16.dir/build.make:97: recipe for target 'cmTC_21c16' failed
make[1]: *** [cmTC_21c16] Error 1
make[1]: Leaving directory '/home/bruce/sdc/build/CMakeFiles/CMakeTmp'
Makefile:126: recipe for target 'cmTC_21c16/fast' failed
make: *** [cmTC_21c16/fast] Error 2


